<?xml version="1.0" encoding="UTF-8"?>
<testng-results skipped="0" failed="0" total="1" passed="1">
  <reporter-output>
  </reporter-output>
  <suite name="Gmail" duration-ms="12521" started-at="2014-11-19T07:13:42Z" finished-at="2014-11-19T07:13:55Z">
    <groups>
    </groups>
    <test name="login" duration-ms="12521" started-at="2014-11-19T07:13:42Z" finished-at="2014-11-19T07:13:55Z">
      <class name="com.gmail.project.classes.TestLogin">
        <test-method status="PASS" signature="setup()[pri:0, instance:com.gmail.project.classes.TestLogin@77946086]" name="setup" is-config="true" duration-ms="11508" started-at="2014-11-19T12:43:42Z" finished-at="2014-11-19T12:43:54Z">
          <reporter-output>
          </reporter-output>
        </test-method> <!-- setup -->
        <test-method status="PASS" signature="login()[pri:0, instance:com.gmail.project.classes.TestLogin@77946086]" name="login" duration-ms="734" started-at="2014-11-19T12:43:54Z" finished-at="2014-11-19T12:43:54Z">
          <reporter-output>
          </reporter-output>
        </test-method> <!-- login -->
        <test-method status="PASS" signature="destroy()[pri:0, instance:com.gmail.project.classes.TestLogin@77946086]" name="destroy" is-config="true" duration-ms="262" started-at="2014-11-19T12:43:54Z" finished-at="2014-11-19T12:43:55Z">
          <reporter-output>
          </reporter-output>
        </test-method> <!-- destroy -->
      </class> <!-- com.gmail.project.classes.TestLogin -->
    </test> <!-- login -->
  </suite> <!-- Gmail -->
</testng-results>
